<?xml version="1.0" encoding="UTF-8"?>
<coverage generated="1490649737156" clover="3.2.0">
  <project timestamp="1490649737156" name="All files">
    <metrics statements="47" coveredstatements="46" conditionals="24" coveredconditionals="22" methods="3" coveredmethods="3" elements="74" coveredelements="71" complexity="0" loc="47" ncloc="47" packages="2" files="3" classes="3">
      <package name="docs">
        <metrics statements="1" coveredstatements="1" conditionals="0" coveredconditionals="0" methods="0" coveredmethods="0"/>
        <file name="helloWorldMessage.js" path="/Users/Adrian/testing/test-doc/docs/helloWorldMessage.js">
          <metrics statements="1" coveredstatements="1" conditionals="0" coveredconditionals="0" methods="0" coveredmethods="0"/>
          <line num="1" count="1" type="stmt"/>
        </file>
      </package>
      <package name="lib">
        <metrics statements="46" coveredstatements="45" conditionals="24" coveredconditionals="22" methods="3" coveredmethods="3"/>
        <file name="testDoc.js" path="/Users/Adrian/testing/test-doc/lib/testDoc.js">
          <metrics statements="14" coveredstatements="13" conditionals="4" coveredconditionals="2" methods="2" coveredmethods="2"/>
          <line num="1" count="1" type="stmt"/>
          <line num="2" count="1" type="stmt"/>
          <line num="3" count="1" type="stmt"/>
          <line num="6" count="3" type="stmt"/>
          <line num="8" count="3" type="stmt"/>
          <line num="9" count="3" type="stmt"/>
          <line num="10" count="3" type="stmt"/>
          <line num="11" count="3" type="stmt"/>
          <line num="12" count="2" type="stmt"/>
          <line num="18" count="2" type="stmt"/>
          <line num="21" count="1" type="stmt"/>
          <line num="22" count="1" type="stmt"/>
          <line num="24" count="0" type="stmt"/>
          <line num="29" count="1" type="stmt"/>
        </file>
        <file name="testDocTranspiler.js" path="/Users/Adrian/testing/test-doc/lib/testDocTranspiler.js">
          <metrics statements="32" coveredstatements="32" conditionals="20" coveredconditionals="20" methods="1" coveredmethods="1"/>
          <line num="1" count="1" type="stmt"/>
          <line num="4" count="3" type="stmt"/>
          <line num="5" count="3" type="stmt"/>
          <line num="6" count="3" type="stmt"/>
          <line num="7" count="3" type="stmt"/>
          <line num="9" count="3" type="stmt"/>
          <line num="10" count="63" type="stmt"/>
          <line num="11" count="49" type="stmt"/>
          <line num="13" count="63" type="stmt"/>
          <line num="14" count="63" type="stmt"/>
          <line num="15" count="8" type="stmt"/>
          <line num="16" count="8" type="stmt"/>
          <line num="17" count="8" type="stmt"/>
          <line num="18" count="2" type="stmt"/>
          <line num="23" count="8" type="stmt"/>
          <line num="24" count="2" type="stmt"/>
          <line num="25" count="3" type="stmt"/>
          <line num="28" count="8" type="stmt"/>
          <line num="29" count="4" type="stmt"/>
          <line num="30" count="4" type="stmt"/>
          <line num="33" count="55" type="stmt"/>
          <line num="34" count="1" type="stmt"/>
          <line num="35" count="54" type="stmt"/>
          <line num="36" count="8" type="stmt"/>
          <line num="37" count="46" type="stmt"/>
          <line num="38" count="7" type="stmt"/>
          <line num="39" count="39" type="stmt"/>
          <line num="40" count="7" type="stmt"/>
          <line num="44" count="2" type="stmt"/>
          <line num="45" count="1" type="stmt"/>
          <line num="48" count="2" type="stmt"/>
          <line num="51" count="1" type="stmt"/>
        </file>
      </package>
    </metrics>
  </project>
</coverage>
