TN:
SF:/Users/Adrian/testing/test-doc/docs/helloWorldMessage.js
FNF:0
FNH:0
DA:1,1
LF:1
LH:1
BRF:0
BRH:0
end_of_record
TN:
SF:/Users/Adrian/testing/test-doc/lib/testDoc.js
FN:5,testDoc
FN:20,(anonymous_1)
FNF:2
FNH:2
FNDA:3,testDoc
FNDA:1,(anonymous_1)
DA:1,1
DA:2,1
DA:3,1
DA:6,3
DA:8,3
DA:9,3
DA:10,3
DA:11,3
DA:12,2
DA:18,2
DA:21,1
DA:22,1
DA:24,0
DA:29,1
LF:14
LH:13
BRDA:21,0,0,1
BRDA:21,0,1,0
BRDA:21,1,0,1
BRDA:21,1,1,0
BRF:4
BRH:2
end_of_record
TN:
SF:/Users/Adrian/testing/test-doc/lib/testDocTranspiler.js
FN:3,testDocTranspiler
FNF:1
FNH:1
FNDA:3,testDocTranspiler
DA:1,1
DA:4,3
DA:5,3
DA:6,3
DA:7,3
DA:9,3
DA:10,63
DA:11,49
DA:13,63
DA:14,63
DA:15,8
DA:16,8
DA:17,8
DA:18,2
DA:23,8
DA:24,2
DA:25,3
DA:28,8
DA:29,4
DA:30,4
DA:33,55
DA:34,1
DA:35,54
DA:36,8
DA:37,46
DA:38,7
DA:39,39
DA:40,7
DA:44,2
DA:45,1
DA:48,2
DA:51,1
LF:32
LH:32
BRDA:10,0,0,49
BRDA:10,0,1,14
BRDA:14,1,0,8
BRDA:14,1,1,55
BRDA:17,2,0,2
BRDA:17,2,1,6
BRDA:23,3,0,2
BRDA:23,3,1,6
BRDA:28,4,0,4
BRDA:28,4,1,4
BRDA:33,5,0,1
BRDA:33,5,1,54
BRDA:33,6,0,55
BRDA:33,6,1,8
BRDA:35,7,0,8
BRDA:35,7,1,46
BRDA:37,8,0,7
BRDA:37,8,1,39
BRDA:39,9,0,7
BRDA:39,9,1,32
BRF:20
BRH:20
end_of_record
