TN:
SF:/Users/Adrian/testing/test-doc/docs/helloWorldMessage.js
FNF:0
FNH:0
DA:1,1
LF:1
LH:1
BRF:0
BRH:0
end_of_record
TN:
SF:/Users/Adrian/testing/test-doc/lib/testDoc.js
FN:5,testDoc
FN:18,(anonymous_1)
FNF:2
FNH:2
FNDA:2,testDoc
FNDA:2,(anonymous_1)
DA:1,1
DA:2,1
DA:3,1
DA:6,2
DA:7,2
DA:8,2
DA:9,2
DA:10,2
DA:16,2
DA:19,2
DA:20,1
DA:22,1
DA:27,1
LF:13
LH:13
BRDA:19,0,0,1
BRDA:19,0,1,1
BRDA:19,1,0,2
BRDA:19,1,1,1
BRF:4
BRH:4
end_of_record
TN:
SF:/Users/Adrian/testing/test-doc/lib/testDocTranspiler.js
FN:3,testDocTranspiler
FNF:1
FNH:1
FNDA:2,testDocTranspiler
DA:1,1
DA:4,2
DA:5,2
DA:6,2
DA:7,2
DA:9,2
DA:10,63
DA:11,46
DA:13,63
DA:14,63
DA:15,8
DA:16,8
DA:17,8
DA:18,2
DA:23,8
DA:24,2
DA:25,3
DA:28,8
DA:29,4
DA:30,4
DA:33,55
DA:34,14
DA:35,41
DA:36,10
DA:40,2
DA:41,1
DA:44,2
DA:47,1
LF:28
LH:28
BRDA:10,0,0,46
BRDA:10,0,1,17
BRDA:14,1,0,8
BRDA:14,1,1,55
BRDA:17,2,0,2
BRDA:17,2,1,6
BRDA:23,3,0,2
BRDA:23,3,1,6
BRDA:28,4,0,4
BRDA:28,4,1,4
BRDA:33,5,0,14
BRDA:33,5,1,41
BRDA:35,6,0,10
BRDA:35,6,1,31
BRF:14
BRH:14
end_of_record
